----------------
From file DUMMY:
pg 1: (./pdf-CHARLAMATE.tex
------------------------------------------------------------------
From file /usr/share/texmf-dist/tex/latex/koma-script/scrbase.sty:
pg 1: Applying: [2021/05/01] Usage of raw or classic option list on input line 252.
pg 1: Already applied: [0000/00/00] Usage of raw or classic option list on input line
pg 1: 368.
----------------
From file DUMMY:
pg 1: ! Missing number, treated as zero.
      <to be read again> 
      \scan_stop: 
      l.273 
pg 1: A number should have been here; I inserted `0'.
pg 1: (If you can't figure out why I needed to see a number,
pg 1: look up `weird error' in the index to The TeXbook.)
pg 1: {Índice de imágenes}, name=Imagen, placement=ht, ' on input line 283.
------------------------------------------------------------------
From file /usr/share/texmf-dist/tex/latex/biblatex/blx-bibtex.def:
pg 1: Package biblatex Warning: Using fall-back bibtex backend:
      (biblatex)                functionality may be reduced/unavailable.
--------------------------------------------------------------------------------------
From file /usr/share/texmf-dist/tex/latex/biblatex-philosophy/philosophy-standard.bbx:
pg 1: ! Package biblatex Error: Biber backend is required by style.
      See the biblatex package documentation for explanation.
      Type  H <return>  for immediate help.
       ...                                              
                                                        
      l.30 \RequireBiber[3]
pg 1: The selected style or one of the .bib files requires Biber.
pg 1: It will not work at all with BibTeX..
-------------------------------------------
From file ./files/gbTeXmeta-CHARLAMATE.tex:
pg 1: ! Package kvsetkeys Error: Undefined key `pdfx'.
      See the kvsetkeys package documentation for explanation.
      Type  H <return>  for immediate help.
       ...                                              
                                                        
      l.26 }
pg 1: The keyval family of the key `pdfx' is `Hyp'.
pg 1: The setting of the key is ignored because of the error.
pg 1: Try typing  <return>  to proceed.
pg 1: If that doesn't work, type  X <return>  to quit.
pg 1: Package hyperref Warning: Option `bookmarks' has already been used,
      (hyperref)                setting the option has no effect on input line 26.
----------------
From file DUMMY:
pg 11: Capítulo 1.
pg 13: Capítulo 2.
pg 15: Using TeX to sort glossary entries---this may take a while

After last page:

Package imakeidx Warning: Remember to run lualatex again after calling
(imakeidx)                `texindy names.idx'.
Package imakeidx Warning: Remember to run lualatex again after calling
(imakeidx)                `texindy concepto.idx'.
Package imakeidx Warning: Remember to run lualatex again after calling
(imakeidx)                `texindy onomastico.idx'.
***********
)

====  Summary:  ====

